NOTE: Picked up JDK_JAVA_OPTIONS:  --add-opens=java.base/java.lang=ALL-UNNAMED --add-opens=java.base/java.io=ALL-UNNAMED --add-opens=java.base/java.util=ALL-UNNAMED --add-opens=java.base/java.util.concurrent=ALL-UNNAMED --add-opens=java.rmi/sun.rmi.transport=ALL-UNNAMED
20-Sep-2023 07:07:45.829 INFO [main] org.apache.catalina.startup.VersionLoggerListener.log Server version name:   Apache Tomcat/9.0.80
20-Sep-2023 07:07:45.833 INFO [main] org.apache.catalina.startup.VersionLoggerListener.log Server built:          Aug 23 2023 21:59:38 UTC
20-Sep-2023 07:07:45.837 INFO [main] org.apache.catalina.startup.VersionLoggerListener.log Server version number: 9.0.80.0
20-Sep-2023 07:07:45.837 INFO [main] org.apache.catalina.startup.VersionLoggerListener.log OS Name:               Linux
20-Sep-2023 07:07:45.838 INFO [main] org.apache.catalina.startup.VersionLoggerListener.log OS Version:            5.19.0-1025-aws
20-Sep-2023 07:07:45.841 INFO [main] org.apache.catalina.startup.VersionLoggerListener.log Architecture:          amd64
20-Sep-2023 07:07:45.841 INFO [main] org.apache.catalina.startup.VersionLoggerListener.log Java Home:             /usr/lib/jvm/java-17-openjdk-amd64
20-Sep-2023 07:07:45.841 INFO [main] org.apache.catalina.startup.VersionLoggerListener.log JVM Version:           17.0.8.1+1-Ubuntu-0ubuntu122.04
20-Sep-2023 07:07:45.841 INFO [main] org.apache.catalina.startup.VersionLoggerListener.log JVM Vendor:            Private Build
20-Sep-2023 07:07:45.841 INFO [main] org.apache.catalina.startup.VersionLoggerListener.log CATALINA_BASE:         /opt/apache-tomcat-9.0.80
20-Sep-2023 07:07:45.841 INFO [main] org.apache.catalina.startup.VersionLoggerListener.log CATALINA_HOME:         /opt/apache-tomcat-9.0.80
20-Sep-2023 07:07:45.878 INFO [main] org.apache.catalina.startup.VersionLoggerListener.log Command line argument: --add-opens=java.base/java.lang=ALL-UNNAMED
20-Sep-2023 07:07:45.879 INFO [main] org.apache.catalina.startup.VersionLoggerListener.log Command line argument: --add-opens=java.base/java.io=ALL-UNNAMED
20-Sep-2023 07:07:45.880 INFO [main] org.apache.catalina.startup.VersionLoggerListener.log Command line argument: --add-opens=java.base/java.util=ALL-UNNAMED
20-Sep-2023 07:07:45.881 INFO [main] org.apache.catalina.startup.VersionLoggerListener.log Command line argument: --add-opens=java.base/java.util.concurrent=ALL-UNNAMED
20-Sep-2023 07:07:45.881 INFO [main] org.apache.catalina.startup.VersionLoggerListener.log Command line argument: --add-opens=java.rmi/sun.rmi.transport=ALL-UNNAMED
20-Sep-2023 07:07:45.881 INFO [main] org.apache.catalina.startup.VersionLoggerListener.log Command line argument: -Djava.util.logging.config.file=/opt/apache-tomcat-9.0.80/conf/logging.properties
20-Sep-2023 07:07:45.882 INFO [main] org.apache.catalina.startup.VersionLoggerListener.log Command line argument: -Djava.util.logging.manager=org.apache.juli.ClassLoaderLogManager
20-Sep-2023 07:07:45.882 INFO [main] org.apache.catalina.startup.VersionLoggerListener.log Command line argument: -Djdk.tls.ephemeralDHKeySize=2048
20-Sep-2023 07:07:45.883 INFO [main] org.apache.catalina.startup.VersionLoggerListener.log Command line argument: -Djava.protocol.handler.pkgs=org.apache.catalina.webresources
20-Sep-2023 07:07:45.883 INFO [main] org.apache.catalina.startup.VersionLoggerListener.log Command line argument: -Dorg.apache.catalina.security.SecurityListener.UMASK=0027
20-Sep-2023 07:07:45.883 INFO [main] org.apache.catalina.startup.VersionLoggerListener.log Command line argument: -Dignore.endorsed.dirs=
20-Sep-2023 07:07:45.883 INFO [main] org.apache.catalina.startup.VersionLoggerListener.log Command line argument: -Dcatalina.base=/opt/apache-tomcat-9.0.80
20-Sep-2023 07:07:45.884 INFO [main] org.apache.catalina.startup.VersionLoggerListener.log Command line argument: -Dcatalina.home=/opt/apache-tomcat-9.0.80
20-Sep-2023 07:07:45.889 INFO [main] org.apache.catalina.startup.VersionLoggerListener.log Command line argument: -Djava.io.tmpdir=/opt/apache-tomcat-9.0.80/temp
20-Sep-2023 07:07:45.893 INFO [main] org.apache.catalina.core.AprLifecycleListener.lifecycleEvent The Apache Tomcat Native library which allows using OpenSSL was not found on the java.library.path: [/usr/java/packages/lib:/usr/lib/x86_64-linux-gnu/jni:/lib/x86_64-linux-gnu:/usr/lib/x86_64-linux-gnu:/usr/lib/jni:/lib:/usr/lib]
20-Sep-2023 07:07:46.687 INFO [main] org.apache.coyote.AbstractProtocol.init Initializing ProtocolHandler ["http-nio-8080"]
20-Sep-2023 07:07:46.753 INFO [main] org.apache.catalina.startup.Catalina.load Server initialization in [1374] milliseconds
20-Sep-2023 07:07:46.858 INFO [main] org.apache.catalina.core.StandardService.startInternal Starting service [Catalina]
20-Sep-2023 07:07:46.858 INFO [main] org.apache.catalina.core.StandardEngine.startInternal Starting Servlet engine: [Apache Tomcat/9.0.80]
20-Sep-2023 07:07:46.874 INFO [main] org.apache.catalina.startup.HostConfig.deployDirectory Deploying web application directory [/opt/apache-tomcat-9.0.80/webapps/examples]
20-Sep-2023 07:07:47.995 INFO [main] org.apache.catalina.startup.HostConfig.deployDirectory Deployment of web application directory [/opt/apache-tomcat-9.0.80/webapps/examples] has finished in [1,113] ms
20-Sep-2023 07:07:47.995 INFO [main] org.apache.catalina.startup.HostConfig.deployDirectory Deploying web application directory [/opt/apache-tomcat-9.0.80/webapps/host-manager]
20-Sep-2023 07:07:48.059 INFO [main] org.apache.catalina.startup.HostConfig.deployDirectory Deployment of web application directory [/opt/apache-tomcat-9.0.80/webapps/host-manager] has finished in [62] ms
20-Sep-2023 07:07:48.059 INFO [main] org.apache.catalina.startup.HostConfig.deployDirectory Deploying web application directory [/opt/apache-tomcat-9.0.80/webapps/ROOT]
20-Sep-2023 07:07:48.104 INFO [main] org.apache.catalina.startup.HostConfig.deployDirectory Deployment of web application directory [/opt/apache-tomcat-9.0.80/webapps/ROOT] has finished in [45] ms
20-Sep-2023 07:07:48.107 INFO [main] org.apache.catalina.startup.HostConfig.deployDirectory Deploying web application directory [/opt/apache-tomcat-9.0.80/webapps/docs]
20-Sep-2023 07:07:48.154 INFO [main] org.apache.catalina.startup.HostConfig.deployDirectory Deployment of web application directory [/opt/apache-tomcat-9.0.80/webapps/docs] has finished in [47] ms
20-Sep-2023 07:07:48.157 INFO [main] org.apache.catalina.startup.HostConfig.deployDirectory Deploying web application directory [/opt/apache-tomcat-9.0.80/webapps/manager]
20-Sep-2023 07:07:48.206 INFO [main] org.apache.catalina.startup.HostConfig.deployDirectory Deployment of web application directory [/opt/apache-tomcat-9.0.80/webapps/manager] has finished in [48] ms
20-Sep-2023 07:07:48.214 INFO [main] org.apache.coyote.AbstractProtocol.start Starting ProtocolHandler ["http-nio-8080"]
20-Sep-2023 07:07:48.242 INFO [main] org.apache.catalina.startup.Catalina.start Server startup in [1489] milliseconds
20-Sep-2023 07:08:48.235 INFO [Catalina-utility-2] org.apache.catalina.startup.HostConfig.deployWAR Deploying web application archive [/opt/apache-tomcat-9.0.80/webapps/student.war]
20-Sep-2023 07:08:48.345 INFO [Catalina-utility-2] org.apache.jasper.servlet.TldScanner.scanJars At least one JAR was scanned for TLDs yet contained no TLDs. Enable debug logging for this logger for a complete list of JARs that were scanned but no TLDs were found in them. Skipping unneeded JARs during scanning can improve startup time and JSP compilation time.
20-Sep-2023 07:08:48.355 INFO [Catalina-utility-2] org.apache.catalina.startup.HostConfig.deployWAR Deployment of web application archive [/opt/apache-tomcat-9.0.80/webapps/student.war] has finished in [119] ms
20-Sep-2023 07:22:18.467 INFO [Catalina-utility-1] org.apache.catalina.startup.HostConfig.undeploy Undeploying context []
20-Sep-2023 07:22:18.505 INFO [Catalina-utility-1] org.apache.catalina.startup.HostConfig.undeploy Undeploying context [/examples]
20-Sep-2023 07:22:18.521 INFO [Catalina-utility-1] org.apache.catalina.startup.HostConfig.undeploy Undeploying context [/host-manager]
20-Sep-2023 07:22:18.527 INFO [Catalina-utility-1] org.apache.catalina.startup.HostConfig.undeploy Undeploying context [/student]
20-Sep-2023 07:22:18.550 INFO [Catalina-utility-1] org.apache.catalina.startup.HostConfig.undeploy Undeploying context [/manager]
20-Sep-2023 07:22:18.556 INFO [Catalina-utility-1] org.apache.catalina.startup.HostConfig.undeploy Undeploying context [/docs]
20-Sep-2023 07:22:18.565 INFO [Catalina-utility-1] org.apache.catalina.startup.HostConfig.deployWAR Deploying web application archive [/opt/apache-tomcat-9.0.80/webapps/student.war]
20-Sep-2023 07:22:18.701 INFO [Catalina-utility-1] org.apache.jasper.servlet.TldScanner.scanJars At least one JAR was scanned for TLDs yet contained no TLDs. Enable debug logging for this logger for a complete list of JARs that were scanned but no TLDs were found in them. Skipping unneeded JARs during scanning can improve startup time and JSP compilation time.
20-Sep-2023 07:22:18.705 INFO [Catalina-utility-1] org.apache.catalina.startup.HostConfig.deployWAR Deployment of web application archive [/opt/apache-tomcat-9.0.80/webapps/student.war] has finished in [140] ms
20-Sep-2023 07:22:18.706 INFO [Catalina-utility-1] org.apache.catalina.startup.HostConfig.deployDirectory Deploying web application directory [/opt/apache-tomcat-9.0.80/webapps/examples]
20-Sep-2023 07:22:18.985 INFO [Catalina-utility-1] org.apache.catalina.startup.HostConfig.deployDirectory Deployment of web application directory [/opt/apache-tomcat-9.0.80/webapps/examples] has finished in [275] ms
20-Sep-2023 07:22:18.985 INFO [Catalina-utility-1] org.apache.catalina.startup.HostConfig.deployDirectory Deploying web application directory [/opt/apache-tomcat-9.0.80/webapps/host-manager]
20-Sep-2023 07:22:19.030 INFO [Catalina-utility-1] org.apache.catalina.startup.HostConfig.deployDirectory Deployment of web application directory [/opt/apache-tomcat-9.0.80/webapps/host-manager] has finished in [43] ms
20-Sep-2023 07:22:19.031 INFO [Catalina-utility-1] org.apache.catalina.startup.HostConfig.deployDirectory Deploying web application directory [/opt/apache-tomcat-9.0.80/webapps/ROOT]
20-Sep-2023 07:22:19.061 INFO [Catalina-utility-1] org.apache.catalina.startup.HostConfig.deployDirectory Deployment of web application directory [/opt/apache-tomcat-9.0.80/webapps/ROOT] has finished in [30] ms
20-Sep-2023 07:22:19.062 INFO [Catalina-utility-1] org.apache.catalina.startup.HostConfig.deployDirectory Deploying web application directory [/opt/apache-tomcat-9.0.80/webapps/docs]
20-Sep-2023 07:22:19.102 INFO [Catalina-utility-1] org.apache.catalina.startup.HostConfig.deployDirectory Deployment of web application directory [/opt/apache-tomcat-9.0.80/webapps/docs] has finished in [39] ms
20-Sep-2023 07:22:19.103 INFO [Catalina-utility-1] org.apache.catalina.startup.HostConfig.deployDirectory Deploying web application directory [/opt/apache-tomcat-9.0.80/webapps/manager]
20-Sep-2023 07:22:19.151 INFO [Catalina-utility-1] org.apache.catalina.startup.HostConfig.deployDirectory Deployment of web application directory [/opt/apache-tomcat-9.0.80/webapps/manager] has finished in [46] ms
20-Sep-2023 07:23:20.266 INFO [main] org.apache.catalina.core.StandardServer.await A valid shutdown command was received via the shutdown port. Stopping the Server instance.
20-Sep-2023 07:23:20.266 INFO [main] org.apache.coyote.AbstractProtocol.pause Pausing ProtocolHandler ["http-nio-8080"]
20-Sep-2023 07:23:20.270 INFO [main] org.apache.catalina.core.StandardService.stopInternal Stopping service [Catalina]
20-Sep-2023 07:23:20.313 INFO [main] org.apache.coyote.AbstractProtocol.stop Stopping ProtocolHandler ["http-nio-8080"]
20-Sep-2023 07:23:20.333 INFO [main] org.apache.coyote.AbstractProtocol.destroy Destroying ProtocolHandler ["http-nio-8080"]
NOTE: Picked up JDK_JAVA_OPTIONS:  --add-opens=java.base/java.lang=ALL-UNNAMED --add-opens=java.base/java.io=ALL-UNNAMED --add-opens=java.base/java.util=ALL-UNNAMED --add-opens=java.base/java.util.concurrent=ALL-UNNAMED --add-opens=java.rmi/sun.rmi.transport=ALL-UNNAMED
20-Sep-2023 07:23:24.909 INFO [main] org.apache.catalina.startup.VersionLoggerListener.log Server version name:   Apache Tomcat/9.0.80
20-Sep-2023 07:23:24.912 INFO [main] org.apache.catalina.startup.VersionLoggerListener.log Server built:          Aug 23 2023 21:59:38 UTC
20-Sep-2023 07:23:24.912 INFO [main] org.apache.catalina.startup.VersionLoggerListener.log Server version number: 9.0.80.0
20-Sep-2023 07:23:24.913 INFO [main] org.apache.catalina.startup.VersionLoggerListener.log OS Name:               Linux
20-Sep-2023 07:23:24.919 INFO [main] org.apache.catalina.startup.VersionLoggerListener.log OS Version:            5.19.0-1025-aws
20-Sep-2023 07:23:24.919 INFO [main] org.apache.catalina.startup.VersionLoggerListener.log Architecture:          amd64
20-Sep-2023 07:23:24.919 INFO [main] org.apache.catalina.startup.VersionLoggerListener.log Java Home:             /usr/lib/jvm/java-17-openjdk-amd64
20-Sep-2023 07:23:24.919 INFO [main] org.apache.catalina.startup.VersionLoggerListener.log JVM Version:           17.0.8.1+1-Ubuntu-0ubuntu122.04
20-Sep-2023 07:23:24.920 INFO [main] org.apache.catalina.startup.VersionLoggerListener.log JVM Vendor:            Private Build
20-Sep-2023 07:23:24.920 INFO [main] org.apache.catalina.startup.VersionLoggerListener.log CATALINA_BASE:         /opt/apache-tomcat-9.0.80
20-Sep-2023 07:23:24.920 INFO [main] org.apache.catalina.startup.VersionLoggerListener.log CATALINA_HOME:         /opt/apache-tomcat-9.0.80
20-Sep-2023 07:23:24.937 INFO [main] org.apache.catalina.startup.VersionLoggerListener.log Command line argument: --add-opens=java.base/java.lang=ALL-UNNAMED
20-Sep-2023 07:23:24.937 INFO [main] org.apache.catalina.startup.VersionLoggerListener.log Command line argument: --add-opens=java.base/java.io=ALL-UNNAMED
20-Sep-2023 07:23:24.938 INFO [main] org.apache.catalina.startup.VersionLoggerListener.log Command line argument: --add-opens=java.base/java.util=ALL-UNNAMED
20-Sep-2023 07:23:24.938 INFO [main] org.apache.catalina.startup.VersionLoggerListener.log Command line argument: --add-opens=java.base/java.util.concurrent=ALL-UNNAMED
20-Sep-2023 07:23:24.938 INFO [main] org.apache.catalina.startup.VersionLoggerListener.log Command line argument: --add-opens=java.rmi/sun.rmi.transport=ALL-UNNAMED
20-Sep-2023 07:23:24.938 INFO [main] org.apache.catalina.startup.VersionLoggerListener.log Command line argument: -Djava.util.logging.config.file=/opt/apache-tomcat-9.0.80/conf/logging.properties
20-Sep-2023 07:23:24.938 INFO [main] org.apache.catalina.startup.VersionLoggerListener.log Command line argument: -Djava.util.logging.manager=org.apache.juli.ClassLoaderLogManager
20-Sep-2023 07:23:24.938 INFO [main] org.apache.catalina.startup.VersionLoggerListener.log Command line argument: -Djdk.tls.ephemeralDHKeySize=2048
20-Sep-2023 07:23:24.938 INFO [main] org.apache.catalina.startup.VersionLoggerListener.log Command line argument: -Djava.protocol.handler.pkgs=org.apache.catalina.webresources
20-Sep-2023 07:23:24.938 INFO [main] org.apache.catalina.startup.VersionLoggerListener.log Command line argument: -Dorg.apache.catalina.security.SecurityListener.UMASK=0027
20-Sep-2023 07:23:24.939 INFO [main] org.apache.catalina.startup.VersionLoggerListener.log Command line argument: -Dignore.endorsed.dirs=
20-Sep-2023 07:23:24.939 INFO [main] org.apache.catalina.startup.VersionLoggerListener.log Command line argument: -Dcatalina.base=/opt/apache-tomcat-9.0.80
20-Sep-2023 07:23:24.939 INFO [main] org.apache.catalina.startup.VersionLoggerListener.log Command line argument: -Dcatalina.home=/opt/apache-tomcat-9.0.80
20-Sep-2023 07:23:24.939 INFO [main] org.apache.catalina.startup.VersionLoggerListener.log Command line argument: -Djava.io.tmpdir=/opt/apache-tomcat-9.0.80/temp
20-Sep-2023 07:23:24.940 INFO [main] org.apache.catalina.core.AprLifecycleListener.lifecycleEvent The Apache Tomcat Native library which allows using OpenSSL was not found on the java.library.path: [/usr/java/packages/lib:/usr/lib/x86_64-linux-gnu/jni:/lib/x86_64-linux-gnu:/usr/lib/x86_64-linux-gnu:/usr/lib/jni:/lib:/usr/lib]
20-Sep-2023 07:23:25.631 INFO [main] org.apache.coyote.AbstractProtocol.init Initializing ProtocolHandler ["http-nio-8080"]
20-Sep-2023 07:23:25.692 INFO [main] org.apache.catalina.startup.Catalina.load Server initialization in [1194] milliseconds
20-Sep-2023 07:23:25.781 INFO [main] org.apache.catalina.core.StandardService.startInternal Starting service [Catalina]
20-Sep-2023 07:23:25.781 INFO [main] org.apache.catalina.core.StandardEngine.startInternal Starting Servlet engine: [Apache Tomcat/9.0.80]
20-Sep-2023 07:23:25.809 INFO [main] org.apache.catalina.startup.HostConfig.deployWAR Deploying web application archive [/opt/apache-tomcat-9.0.80/webapps/student.war]
20-Sep-2023 07:23:26.476 INFO [main] org.apache.jasper.servlet.TldScanner.scanJars At least one JAR was scanned for TLDs yet contained no TLDs. Enable debug logging for this logger for a complete list of JARs that were scanned but no TLDs were found in them. Skipping unneeded JARs during scanning can improve startup time and JSP compilation time.
20-Sep-2023 07:23:26.577 INFO [main] org.apache.catalina.startup.HostConfig.deployWAR Deployment of web application archive [/opt/apache-tomcat-9.0.80/webapps/student.war] has finished in [768] ms
20-Sep-2023 07:23:26.578 INFO [main] org.apache.catalina.startup.HostConfig.deployDirectory Deploying web application directory [/opt/apache-tomcat-9.0.80/webapps/examples]
20-Sep-2023 07:23:27.030 INFO [main] org.apache.catalina.startup.HostConfig.deployDirectory Deployment of web application directory [/opt/apache-tomcat-9.0.80/webapps/examples] has finished in [452] ms
20-Sep-2023 07:23:27.033 INFO [main] org.apache.catalina.startup.HostConfig.deployDirectory Deploying web application directory [/opt/apache-tomcat-9.0.80/webapps/host-manager]
20-Sep-2023 07:23:27.088 INFO [main] org.apache.catalina.startup.HostConfig.deployDirectory Deployment of web application directory [/opt/apache-tomcat-9.0.80/webapps/host-manager] has finished in [54] ms
20-Sep-2023 07:23:27.089 INFO [main] org.apache.catalina.startup.HostConfig.deployDirectory Deploying web application directory [/opt/apache-tomcat-9.0.80/webapps/ROOT]
20-Sep-2023 07:23:27.139 INFO [main] org.apache.catalina.startup.HostConfig.deployDirectory Deployment of web application directory [/opt/apache-tomcat-9.0.80/webapps/ROOT] has finished in [50] ms
20-Sep-2023 07:23:27.140 INFO [main] org.apache.catalina.startup.HostConfig.deployDirectory Deploying web application directory [/opt/apache-tomcat-9.0.80/webapps/docs]
20-Sep-2023 07:23:27.183 INFO [main] org.apache.catalina.startup.HostConfig.deployDirectory Deployment of web application directory [/opt/apache-tomcat-9.0.80/webapps/docs] has finished in [44] ms
20-Sep-2023 07:23:27.184 INFO [main] org.apache.catalina.startup.HostConfig.deployDirectory Deploying web application directory [/opt/apache-tomcat-9.0.80/webapps/manager]
20-Sep-2023 07:23:27.232 INFO [main] org.apache.catalina.startup.HostConfig.deployDirectory Deployment of web application directory [/opt/apache-tomcat-9.0.80/webapps/manager] has finished in [48] ms
20-Sep-2023 07:23:27.239 INFO [main] org.apache.coyote.AbstractProtocol.start Starting ProtocolHandler ["http-nio-8080"]
20-Sep-2023 07:23:27.268 INFO [main] org.apache.catalina.startup.Catalina.start Server startup in [1575] milliseconds
20-Sep-2023 07:24:53.172 INFO [http-nio-8080-exec-1] org.apache.coyote.http11.Http11Processor.service Error parsing HTTP request header
 Note: further occurrences of HTTP request parsing errors will be logged at DEBUG level.
	java.lang.IllegalArgumentException: Invalid character found in method name [0x160x030x010x00{0x010x000x00w0x030x033nJ0xa70xde*U0xb5}0xff"0xd00x860x180xa40xc40xc90xbd0xb40xaf$ywjq%0x10/0x930xb2N/0x000x000x1a0xc0/0xc0+0xc00x110xc00x070xc00x130xc00x090xc00x140xc00x0a0x000x050x00/0x0050xc00x120x000x0a0x010x000x0040x000x050x000x050x010x000x000x000x000x000x0a0x000x080x000x060x000x170x000x180x000x190x000x0b0x000x020x010x000x000x0d0x000x100x000x0e0x040x010x040x030x020x010x020x030x040x010x050x010x060x010xff0x010x000x010x00...]. HTTP method names must be tokens
		at org.apache.coyote.http11.Http11InputBuffer.parseRequestLine(Http11InputBuffer.java:407)
		at org.apache.coyote.http11.Http11Processor.service(Http11Processor.java:263)
		at org.apache.coyote.AbstractProcessorLight.process(AbstractProcessorLight.java:63)
		at org.apache.coyote.AbstractProtocol$ConnectionHandler.process(AbstractProtocol.java:926)
		at org.apache.tomcat.util.net.NioEndpoint$SocketProcessor.doRun(NioEndpoint.java:1790)
		at org.apache.tomcat.util.net.SocketProcessorBase.run(SocketProcessorBase.java:52)
		at org.apache.tomcat.util.threads.ThreadPoolExecutor.runWorker(ThreadPoolExecutor.java:1191)
		at org.apache.tomcat.util.threads.ThreadPoolExecutor$Worker.run(ThreadPoolExecutor.java:659)
		at org.apache.tomcat.util.threads.TaskThread$WrappingRunnable.run(TaskThread.java:61)
		at java.base/java.lang.Thread.run(Thread.java:833)
java.sql.SQLException: Cannot load JDBC driver class 'com.mysql.jdbc.Driver'
	at org.apache.tomcat.dbcp.dbcp2.DriverFactory.createDriver(DriverFactory.java:53)
	at org.apache.tomcat.dbcp.dbcp2.BasicDataSource.createConnectionFactory(BasicDataSource.java:465)
	at org.apache.tomcat.dbcp.dbcp2.BasicDataSource.createDataSource(BasicDataSource.java:529)
	at org.apache.tomcat.dbcp.dbcp2.BasicDataSource.getConnection(BasicDataSource.java:710)
	at com.srk.dao.StudentDAO.getConnection(StudentDAO.java:29)
	at com.srk.dao.StudentDAO.saveStudent(StudentDAO.java:38)
	at com.srk.servlet.RegistrationController.doPost(RegistrationController.java:42)
	at javax.servlet.http.HttpServlet.service(HttpServlet.java:555)
	at javax.servlet.http.HttpServlet.service(HttpServlet.java:623)
	at org.apache.catalina.core.ApplicationFilterChain.internalDoFilter(ApplicationFilterChain.java:209)
	at org.apache.catalina.core.ApplicationFilterChain.doFilter(ApplicationFilterChain.java:153)
	at org.apache.tomcat.websocket.server.WsFilter.doFilter(WsFilter.java:51)
	at org.apache.catalina.core.ApplicationFilterChain.internalDoFilter(ApplicationFilterChain.java:178)
	at org.apache.catalina.core.ApplicationFilterChain.doFilter(ApplicationFilterChain.java:153)
	at org.apache.catalina.core.StandardWrapperValve.invoke(StandardWrapperValve.java:168)
	at org.apache.catalina.core.StandardContextValve.invoke(StandardContextValve.java:90)
	at org.apache.catalina.authenticator.AuthenticatorBase.invoke(AuthenticatorBase.java:481)
	at org.apache.catalina.core.StandardHostValve.invoke(StandardHostValve.java:130)
	at org.apache.catalina.valves.ErrorReportValve.invoke(ErrorReportValve.java:93)
	at org.apache.catalina.valves.AbstractAccessLogValve.invoke(AbstractAccessLogValve.java:670)
	at org.apache.catalina.core.StandardEngineValve.invoke(StandardEngineValve.java:74)
	at org.apache.catalina.connector.CoyoteAdapter.service(CoyoteAdapter.java:343)
	at org.apache.coyote.http11.Http11Processor.service(Http11Processor.java:390)
	at org.apache.coyote.AbstractProcessorLight.process(AbstractProcessorLight.java:63)
	at org.apache.coyote.AbstractProtocol$ConnectionHandler.process(AbstractProtocol.java:926)
	at org.apache.tomcat.util.net.NioEndpoint$SocketProcessor.doRun(NioEndpoint.java:1790)
	at org.apache.tomcat.util.net.SocketProcessorBase.run(SocketProcessorBase.java:52)
	at org.apache.tomcat.util.threads.ThreadPoolExecutor.runWorker(ThreadPoolExecutor.java:1191)
	at org.apache.tomcat.util.threads.ThreadPoolExecutor$Worker.run(ThreadPoolExecutor.java:659)
	at org.apache.tomcat.util.threads.TaskThread$WrappingRunnable.run(TaskThread.java:61)
	at java.base/java.lang.Thread.run(Thread.java:833)
Caused by: java.lang.ClassNotFoundException: com.mysql.jdbc.Driver
	at org.apache.catalina.loader.WebappClassLoaderBase.loadClass(WebappClassLoaderBase.java:1412)
	at org.apache.catalina.loader.WebappClassLoaderBase.loadClass(WebappClassLoaderBase.java:1220)
	at org.apache.tomcat.dbcp.dbcp2.DriverFactory.createDriver(DriverFactory.java:48)
	... 30 more
java.sql.SQLException: Cannot load JDBC driver class 'com.mysql.jdbc.Driver'
	at org.apache.tomcat.dbcp.dbcp2.DriverFactory.createDriver(DriverFactory.java:53)
	at org.apache.tomcat.dbcp.dbcp2.BasicDataSource.createConnectionFactory(BasicDataSource.java:465)
	at org.apache.tomcat.dbcp.dbcp2.BasicDataSource.createDataSource(BasicDataSource.java:529)
	at org.apache.tomcat.dbcp.dbcp2.BasicDataSource.getConnection(BasicDataSource.java:710)
	at com.srk.dao.StudentDAO.getConnection(StudentDAO.java:29)
	at com.srk.dao.StudentDAO.saveStudent(StudentDAO.java:38)
	at com.srk.servlet.RegistrationController.doPost(RegistrationController.java:42)
	at javax.servlet.http.HttpServlet.service(HttpServlet.java:555)
	at javax.servlet.http.HttpServlet.service(HttpServlet.java:623)
	at org.apache.catalina.core.ApplicationFilterChain.internalDoFilter(ApplicationFilterChain.java:209)
	at org.apache.catalina.core.ApplicationFilterChain.doFilter(ApplicationFilterChain.java:153)
	at org.apache.tomcat.websocket.server.WsFilter.doFilter(WsFilter.java:51)
	at org.apache.catalina.core.ApplicationFilterChain.internalDoFilter(ApplicationFilterChain.java:178)
	at org.apache.catalina.core.ApplicationFilterChain.doFilter(ApplicationFilterChain.java:153)
	at org.apache.catalina.core.StandardWrapperValve.invoke(StandardWrapperValve.java:168)
	at org.apache.catalina.core.StandardContextValve.invoke(StandardContextValve.java:90)
	at org.apache.catalina.authenticator.AuthenticatorBase.invoke(AuthenticatorBase.java:481)
	at org.apache.catalina.core.StandardHostValve.invoke(StandardHostValve.java:130)
	at org.apache.catalina.valves.ErrorReportValve.invoke(ErrorReportValve.java:93)
	at org.apache.catalina.valves.AbstractAccessLogValve.invoke(AbstractAccessLogValve.java:670)
	at org.apache.catalina.core.StandardEngineValve.invoke(StandardEngineValve.java:74)
	at org.apache.catalina.connector.CoyoteAdapter.service(CoyoteAdapter.java:343)
	at org.apache.coyote.http11.Http11Processor.service(Http11Processor.java:390)
	at org.apache.coyote.AbstractProcessorLight.process(AbstractProcessorLight.java:63)
	at org.apache.coyote.AbstractProtocol$ConnectionHandler.process(AbstractProtocol.java:926)
	at org.apache.tomcat.util.net.NioEndpoint$SocketProcessor.doRun(NioEndpoint.java:1790)
	at org.apache.tomcat.util.net.SocketProcessorBase.run(SocketProcessorBase.java:52)
	at org.apache.tomcat.util.threads.ThreadPoolExecutor.runWorker(ThreadPoolExecutor.java:1191)
	at org.apache.tomcat.util.threads.ThreadPoolExecutor$Worker.run(ThreadPoolExecutor.java:659)
	at org.apache.tomcat.util.threads.TaskThread$WrappingRunnable.run(TaskThread.java:61)
	at java.base/java.lang.Thread.run(Thread.java:833)
Caused by: java.lang.ClassNotFoundException: com.mysql.jdbc.Driver
	at org.apache.catalina.loader.WebappClassLoaderBase.loadClass(WebappClassLoaderBase.java:1412)
	at org.apache.catalina.loader.WebappClassLoaderBase.loadClass(WebappClassLoaderBase.java:1220)
	at org.apache.tomcat.dbcp.dbcp2.DriverFactory.createDriver(DriverFactory.java:48)
	... 30 more
Cannot load JDBC driver class 'com.mysql.jdbc.Driver'
java.lang.ClassNotFoundException: com.mysql.jdbc.Driver
	at org.apache.catalina.loader.WebappClassLoaderBase.loadClass(WebappClassLoaderBase.java:1412)
	at org.apache.catalina.loader.WebappClassLoaderBase.loadClass(WebappClassLoaderBase.java:1220)
	at org.apache.tomcat.dbcp.dbcp2.DriverFactory.createDriver(DriverFactory.java:48)
	at org.apache.tomcat.dbcp.dbcp2.BasicDataSource.createConnectionFactory(BasicDataSource.java:465)
	at org.apache.tomcat.dbcp.dbcp2.BasicDataSource.createDataSource(BasicDataSource.java:529)
	at org.apache.tomcat.dbcp.dbcp2.BasicDataSource.getConnection(BasicDataSource.java:710)
	at com.srk.dao.StudentDAO.getConnection(StudentDAO.java:29)
	at com.srk.dao.StudentDAO.saveStudent(StudentDAO.java:38)
	at com.srk.servlet.RegistrationController.doPost(RegistrationController.java:42)
	at javax.servlet.http.HttpServlet.service(HttpServlet.java:555)
	at javax.servlet.http.HttpServlet.service(HttpServlet.java:623)
	at org.apache.catalina.core.ApplicationFilterChain.internalDoFilter(ApplicationFilterChain.java:209)
	at org.apache.catalina.core.ApplicationFilterChain.doFilter(ApplicationFilterChain.java:153)
	at org.apache.tomcat.websocket.server.WsFilter.doFilter(WsFilter.java:51)
	at org.apache.catalina.core.ApplicationFilterChain.internalDoFilter(ApplicationFilterChain.java:178)
	at org.apache.catalina.core.ApplicationFilterChain.doFilter(ApplicationFilterChain.java:153)
	at org.apache.catalina.core.StandardWrapperValve.invoke(StandardWrapperValve.java:168)
	at org.apache.catalina.core.StandardContextValve.invoke(StandardContextValve.java:90)
	at org.apache.catalina.authenticator.AuthenticatorBase.invoke(AuthenticatorBase.java:481)
	at org.apache.catalina.core.StandardHostValve.invoke(StandardHostValve.java:130)
	at org.apache.catalina.valves.ErrorReportValve.invoke(ErrorReportValve.java:93)
	at org.apache.catalina.valves.AbstractAccessLogValve.invoke(AbstractAccessLogValve.java:670)
	at org.apache.catalina.core.StandardEngineValve.invoke(StandardEngineValve.java:74)
	at org.apache.catalina.connector.CoyoteAdapter.service(CoyoteAdapter.java:343)
	at org.apache.coyote.http11.Http11Processor.service(Http11Processor.java:390)
	at org.apache.coyote.AbstractProcessorLight.process(AbstractProcessorLight.java:63)
	at org.apache.coyote.AbstractProtocol$ConnectionHandler.process(AbstractProtocol.java:926)
	at org.apache.tomcat.util.net.NioEndpoint$SocketProcessor.doRun(NioEndpoint.java:1790)
	at org.apache.tomcat.util.net.SocketProcessorBase.run(SocketProcessorBase.java:52)
	at org.apache.tomcat.util.threads.ThreadPoolExecutor.runWorker(ThreadPoolExecutor.java:1191)
	at org.apache.tomcat.util.threads.ThreadPoolExecutor$Worker.run(ThreadPoolExecutor.java:659)
	at org.apache.tomcat.util.threads.TaskThread$WrappingRunnable.run(TaskThread.java:61)
	at java.base/java.lang.Thread.run(Thread.java:833)
Cannot load JDBC driver class 'com.mysql.jdbc.Driver'
java.lang.ClassNotFoundException: com.mysql.jdbc.Driver
	at org.apache.catalina.loader.WebappClassLoaderBase.loadClass(WebappClassLoaderBase.java:1412)
	at org.apache.catalina.loader.WebappClassLoaderBase.loadClass(WebappClassLoaderBase.java:1220)
	at org.apache.tomcat.dbcp.dbcp2.DriverFactory.createDriver(DriverFactory.java:48)
	at org.apache.tomcat.dbcp.dbcp2.BasicDataSource.createConnectionFactory(BasicDataSource.java:465)
	at org.apache.tomcat.dbcp.dbcp2.BasicDataSource.createDataSource(BasicDataSource.java:529)
	at org.apache.tomcat.dbcp.dbcp2.BasicDataSource.getConnection(BasicDataSource.java:710)
	at com.srk.dao.StudentDAO.getConnection(StudentDAO.java:29)
	at com.srk.dao.StudentDAO.saveStudent(StudentDAO.java:38)
	at com.srk.servlet.RegistrationController.doPost(RegistrationController.java:42)
	at javax.servlet.http.HttpServlet.service(HttpServlet.java:555)
	at javax.servlet.http.HttpServlet.service(HttpServlet.java:623)
	at org.apache.catalina.core.ApplicationFilterChain.internalDoFilter(ApplicationFilterChain.java:209)
	at org.apache.catalina.core.ApplicationFilterChain.doFilter(ApplicationFilterChain.java:153)
	at org.apache.tomcat.websocket.server.WsFilter.doFilter(WsFilter.java:51)
	at org.apache.catalina.core.ApplicationFilterChain.internalDoFilter(ApplicationFilterChain.java:178)
	at org.apache.catalina.core.ApplicationFilterChain.doFilter(ApplicationFilterChain.java:153)
	at org.apache.catalina.core.StandardWrapperValve.invoke(StandardWrapperValve.java:168)
	at org.apache.catalina.core.StandardContextValve.invoke(StandardContextValve.java:90)
	at org.apache.catalina.authenticator.AuthenticatorBase.invoke(AuthenticatorBase.java:481)
	at org.apache.catalina.core.StandardHostValve.invoke(StandardHostValve.java:130)
	at org.apache.catalina.valves.ErrorReportValve.invoke(ErrorReportValve.java:93)
	at org.apache.catalina.valves.AbstractAccessLogValve.invoke(AbstractAccessLogValve.java:670)
	at org.apache.catalina.core.StandardEngineValve.invoke(StandardEngineValve.java:74)
	at org.apache.catalina.connector.CoyoteAdapter.service(CoyoteAdapter.java:343)
	at org.apache.coyote.http11.Http11Processor.service(Http11Processor.java:390)
	at org.apache.coyote.AbstractProcessorLight.process(AbstractProcessorLight.java:63)
	at org.apache.coyote.AbstractProtocol$ConnectionHandler.process(AbstractProtocol.java:926)
	at org.apache.tomcat.util.net.NioEndpoint$SocketProcessor.doRun(NioEndpoint.java:1790)
	at org.apache.tomcat.util.net.SocketProcessorBase.run(SocketProcessorBase.java:52)
	at org.apache.tomcat.util.threads.ThreadPoolExecutor.runWorker(ThreadPoolExecutor.java:1191)
	at org.apache.tomcat.util.threads.ThreadPoolExecutor$Worker.run(ThreadPoolExecutor.java:659)
	at org.apache.tomcat.util.threads.TaskThread$WrappingRunnable.run(TaskThread.java:61)
	at java.base/java.lang.Thread.run(Thread.java:833)
Cannot load JDBC driver class 'com.mysql.jdbc.Driver'
java.lang.ClassNotFoundException: com.mysql.jdbc.Driver
	at org.apache.catalina.loader.WebappClassLoaderBase.loadClass(WebappClassLoaderBase.java:1412)
	at org.apache.catalina.loader.WebappClassLoaderBase.loadClass(WebappClassLoaderBase.java:1220)
	at org.apache.tomcat.dbcp.dbcp2.DriverFactory.createDriver(DriverFactory.java:48)
	at org.apache.tomcat.dbcp.dbcp2.BasicDataSource.createConnectionFactory(BasicDataSource.java:465)
	at org.apache.tomcat.dbcp.dbcp2.BasicDataSource.createDataSource(BasicDataSource.java:529)
	at org.apache.tomcat.dbcp.dbcp2.BasicDataSource.getConnection(BasicDataSource.java:710)
	at com.srk.dao.StudentDAO.getConnection(StudentDAO.java:29)
	at com.srk.dao.StudentDAO.saveStudent(StudentDAO.java:38)
	at com.srk.servlet.RegistrationController.doPost(RegistrationController.java:42)
	at javax.servlet.http.HttpServlet.service(HttpServlet.java:555)
	at javax.servlet.http.HttpServlet.service(HttpServlet.java:623)
	at org.apache.catalina.core.ApplicationFilterChain.internalDoFilter(ApplicationFilterChain.java:209)
	at org.apache.catalina.core.ApplicationFilterChain.doFilter(ApplicationFilterChain.java:153)
	at org.apache.tomcat.websocket.server.WsFilter.doFilter(WsFilter.java:51)
	at org.apache.catalina.core.ApplicationFilterChain.internalDoFilter(ApplicationFilterChain.java:178)
	at org.apache.catalina.core.ApplicationFilterChain.doFilter(ApplicationFilterChain.java:153)
	at org.apache.catalina.core.StandardWrapperValve.invoke(StandardWrapperValve.java:168)
	at org.apache.catalina.core.StandardContextValve.invoke(StandardContextValve.java:90)
	at org.apache.catalina.authenticator.AuthenticatorBase.invoke(AuthenticatorBase.java:481)
	at org.apache.catalina.core.StandardHostValve.invoke(StandardHostValve.java:130)
	at org.apache.catalina.valves.ErrorReportValve.invoke(ErrorReportValve.java:93)
	at org.apache.catalina.valves.AbstractAccessLogValve.invoke(AbstractAccessLogValve.java:670)
	at org.apache.catalina.core.StandardEngineValve.invoke(StandardEngineValve.java:74)
	at org.apache.catalina.connector.CoyoteAdapter.service(CoyoteAdapter.java:343)
	at org.apache.coyote.http11.Http11Processor.service(Http11Processor.java:390)
	at org.apache.coyote.AbstractProcessorLight.process(AbstractProcessorLight.java:63)
	at org.apache.coyote.AbstractProtocol$ConnectionHandler.procejava.sql.SQLException: Cannot load JDBC driver class 'com.mysql.jdbc.Driver'
	at org.apache.tomcat.dbcp.dbcp2.DriverFactory.createDriver(DriverFactory.java:53)
	at org.apache.tomcat.dbcp.dbcp2.BasicDataSource.createConnectionFactory(BasicDataSource.java:465)
	at org.apache.tomcat.dbcp.dbcp2.BasicDataSource.createDataSource(BasicDataSource.java:529)
	at org.apache.tomcat.dbcp.dbcp2.BasicDataSource.getConnection(BasicDataSource.java:710)
	at com.srk.dao.StudentDAO.getConnection(StudentDAO.java:29)
	at com.srk.dao.StudentDAO.saveStudent(StudentDAO.java:38)
	at com.srk.servlet.RegistrationController.doPost(RegistrationController.java:42)
	at javax.servlet.http.HttpServlet.service(HttpServlet.java:555)
	at javax.servlet.http.HttpServlet.service(HttpServlet.java:623)
	at org.apache.catalina.core.ApplicationFilterChain.internalDoFilter(ApplicationFilterChain.java:209)
	at org.apache.catalina.core.ApplicationFilterChain.doFilter(ApplicationFilterChain.java:153)
	at org.apache.tomcat.websocket.server.WsFilter.doFilter(WsFilter.java:51)
	at org.apache.catalina.core.ApplicationFilterChain.internalDoFilter(ApplicationFilterChain.java:178)
	at org.apache.catalina.core.ApplicationFilterChain.doFilter(ApplicationFilterChain.java:153)
	at org.apache.catalina.core.StandardWrapperValve.invoke(StandardWrapperValve.java:168)
	at org.apache.catalina.core.StandardContextValve.invoke(StandardContextValve.java:90)
	at org.apache.catalina.authenticator.AuthenticatorBase.invoke(AuthenticatorBase.java:481)
	at org.apache.catalina.core.StandardHostValve.invoke(StandardHostValve.java:130)
	at org.apache.catalina.valves.ErrorReportValve.invoke(ErrorReportValve.java:93)
	at org.apache.catalina.valves.AbstractAccessLogValve.invoke(AbstractAccessLogValve.java:670)
	at org.apache.catalina.core.StandardEngineValve.invoke(StandardEngineValve.java:74)
	at org.apache.catalina.connector.CoyoteAdapter.service(CoyoteAdapter.java:343)
	at org.apache.coyote.http11.Http11Processor.service(Http11Processor.java:390)
	at org.apache.coyote.AbstractProcessorLight.process(AbstractProcessorLight.java:63)
	at org.apache.coyote.AbstractProtocol$ConnectionHandler.process(AbstractProtocol.java:926)
	at org.apache.tomcat.util.net.NioEndpoint$SocketProcessor.doRun(NioEndpoint.java:1790)
	at org.apache.tomcat.util.net.SocketProcessorBase.run(SocketProcessorBase.java:52)
	at org.apache.tomcat.util.threads.ThreadPoolExecutor.runWorker(ThreadPoolExecutor.java:1191)
	at org.apache.tomcat.util.threads.ThreadPoolExecutor$Worker.run(ThreadPoolExecutor.java:659)
	at org.apache.tomcat.util.threads.TaskThread$WrappingRunnable.run(TaskThread.java:61)
	at java.base/java.lang.Thread.run(Thread.java:833)
Caused by: java.lang.ClassNotFoundException: com.mysql.jdbc.Driver
	at org.apache.catalina.loader.WebappClassLoaderBase.loadClass(WebappClassLoaderBase.java:1412)
	at org.apache.catalina.loader.WebappClassLoaderBase.loadClass(WebappClassLoaderBase.java:1220)
	at org.apache.tomcat.dbcp.dbcp2.DriverFactory.createDriver(DriverFactory.java:48)
	... 30 more
java.sql.SQLException: Cannot load JDBC driver class 'com.mysql.jdbc.Driver'
	at org.apache.tomcat.dbcp.dbcp2.DriverFactory.createDriver(DriverFactory.java:53)
	at org.apache.tomcat.dbcp.dbcp2.BasicDataSource.createConnectionFactory(BasicDataSource.java:465)
	at org.apache.tomcat.dbcp.dbcp2.BasicDataSource.createDataSource(BasicDataSource.java:529)
	at org.apache.tomcat.dbcp.dbcp2.BasicDataSource.getConnection(BasicDataSource.java:710)
	at com.srk.dao.StudentDAO.getConnection(StudentDAO.java:29)
	at com.srk.dao.StudentDAO.saveStudent(StudentDAO.java:38)
	at com.srk.servlet.RegistrationController.doPost(RegistrationController.java:42)
	at javax.servlet.http.HttpServlet.service(HttpServlet.java:555)
	at javax.servlet.http.HttpServlet.service(HttpServlet.java:623)
	at org.apache.catalina.core.ApplicationFilterChain.internalDoFilter(ApplicationFilterChain.java:209)
	at org.apache.catalina.core.ApplicationFilterChain.doFilter(ApplicationFilterChain.java:153)
	at org.apache.tomcat.websocket.server.WsFilter.doFilter(WsFilter.java:51)
	at org.apache.catalina.core.ApplicationFilterChain.internalDoFilter(ApplicationFilterChain.java:178)
	at org.apache.catalina.core.ApplicationFilterChain.doFilter(ApplicationFilterChain.java:153)
	at org.apache.catalina.core.StandardWrapperValve.invoke(StandardWrapperValve.java:168)
	at org.apache.catalina.core.StandardContextValve.invoke(StandardContextValve.java:90)
	at org.apache.catalina.authenticator.AuthenticatorBase.invoke(AuthenticatorBase.java:481)
	at org.apache.catalina.core.StandardHostValve.invoke(StandardHostValve.java:130)
	at org.apache.catalina.valves.ErrorReportValve.invoke(ErrorReportValve.java:93)
	at org.apache.catalina.valves.AbstractAccessLogValve.invoke(AbstractAccessLogValve.java:670)
	at org.apache.catalina.core.StandardEngineValve.invoke(StandardEngineValve.java:74)
	at org.apache.catalina.connector.CoyoteAdapter.service(CoyoteAdapter.java:343)
	at org.apache.coyote.http11.Http11Processor.service(Http11Processor.java:390)
	at org.apache.coyote.AbstractProcessorLight.process(AbstractProcessorLight.java:63)
	at org.apache.coyote.AbstractProtocol$ConnectionHandler.process(AbstractProtocol.java:926)
	at org.apache.tomcat.util.net.NioEndpoint$SocketProcessor.doRun(NioEndpoint.java:1790)
	at org.apache.tomcat.util.net.SocketProcessorBase.run(SocketProcessorBase.java:52)
	at org.apache.tomcat.util.threads.ThreadPoolExecutor.runWorker(ThreadPoolExecutor.java:1191)
	at org.apache.tomcat.util.threads.ThreadPoolExecutor$Worker.run(ThreadPoolExecutor.java:659)
	at org.apache.tomcat.util.threads.TaskThread$WrappingRunnable.run(TaskThread.java:61)
	at java.base/java.lang.Thread.run(Thread.java:833)
Caused by: java.lang.ClassNotFoundException: com.mysql.jdbc.Driver
	at org.apache.catalina.loader.WebappClassLoaderBase.loadClass(WebappClassLoaderBase.java:1412)
	at org.apache.catalina.loader.WebappClassLoaderBase.loadClass(WebappClassLoaderBase.java:1220)
	at org.apache.tomcat.dbcp.dbcp2.DriverFactory.createDriver(DriverFactory.java:48)
	... 30 more
20-Sep-2023 07:35:06.426 INFO [main] org.apache.catalina.core.StandardServer.await A valid shutdown command was received via the shutdown port. Stopping the Server instance.
20-Sep-2023 07:35:06.426 INFO [main] org.apache.coyote.AbstractProtocol.pause Pausing ProtocolHandler ["http-nio-8080"]
20-Sep-2023 07:35:06.430 INFO [main] org.apache.catalina.core.StandardService.stopInternal Stopping service [Catalina]
20-Sep-2023 07:35:06.511 INFO [main] org.apache.coyote.AbstractProtocol.stop Stopping ProtocolHandler ["http-nio-8080"]
20-Sep-2023 07:35:06.524 INFO [main] org.apache.coyote.AbstractProtocol.destroy Destroying ProtocolHandler ["http-nio-8080"]
NOTE: Picked up JDK_JAVA_OPTIONS:  --add-opens=java.base/java.lang=ALL-UNNAMED --add-opens=java.base/java.io=ALL-UNNAMED --add-opens=java.base/java.util=ALL-UNNAMED --add-opens=java.base/java.util.concurrent=ALL-UNNAMED --add-opens=java.rmi/sun.rmi.transport=ALL-UNNAMED
20-Sep-2023 07:35:11.630 INFO [main] org.apache.catalina.startup.VersionLoggerListener.log Server version name:   Apache Tomcat/9.0.80
20-Sep-2023 07:35:11.643 INFO [main] org.apache.catalina.startup.VersionLoggerListener.log Server built:          Aug 23 2023 21:59:38 UTC
20-Sep-2023 07:35:11.643 INFO [main] org.apache.catalina.startup.VersionLoggerListener.log Server version number: 9.0.80.0
20-Sep-2023 07:35:11.643 INFO [main] org.apache.catalina.startup.VersionLoggerListener.log OS Name:               Linux
20-Sep-2023 07:35:11.643 INFO [main] org.apache.catalina.startup.VersionLoggerListener.log OS Version:            5.19.0-1025-aws
20-Sep-2023 07:35:11.643 INFO [main] org.apache.catalina.startup.VersionLoggerListener.log Architecture:          amd64
20-Sep-2023 07:35:11.643 INFO [main] org.apache.catalina.startup.VersionLoggerListener.log Java Home:             /usr/lib/jvm/java-17-openjdk-amd64
20-Sep-2023 07:35:11.644 INFO [main] org.apache.catalina.startup.VersionLoggerListener.log JVM Version:           17.0.8.1+1-Ubuntu-0ubuntu122.04
20-Sep-2023 07:35:11.644 INFO [main] org.apache.catalina.startup.VersionLoggerListener.log JVM Vendor:            Private Build
20-Sep-2023 07:35:11.644 INFO [main] org.apache.catalina.startup.VersionLoggerListener.log CATALINA_BASE:         /opt/apache-tomcat-9.0.80
20-Sep-2023 07:35:11.644 INFO [main] org.apache.catalina.startup.VersionLoggerListener.log CATALINA_HOME:         /opt/apache-tomcat-9.0.80
20-Sep-2023 07:35:11.659 INFO [main] org.apache.catalina.startup.VersionLoggerListener.log Command line argument: --add-opens=java.base/java.lang=ALL-UNNAMED
20-Sep-2023 07:35:11.659 INFO [main] org.apache.catalina.startup.VersionLoggerListener.log Command line argument: --add-opens=java.base/java.io=ALL-UNNAMED
20-Sep-2023 07:35:11.659 INFO [main] org.apache.catalina.startup.VersionLoggerListener.log Command line argument: --add-opens=java.base/java.util=ALL-UNNAMED
20-Sep-2023 07:35:11.659 INFO [main] org.apache.catalina.startup.VersionLoggerListener.log Command line argument: --add-opens=java.base/java.util.concurrent=ALL-UNNAMED
20-Sep-2023 07:35:11.659 INFO [main] org.apache.catalina.startup.VersionLoggerListener.log Command line argument: --add-opens=java.rmi/sun.rmi.transport=ALL-UNNAMED
20-Sep-2023 07:35:11.660 INFO [main] org.apache.catalina.startup.VersionLoggerListener.log Command line argument: -Djava.util.logging.config.file=/opt/apache-tomcat-9.0.80/conf/logging.properties
20-Sep-2023 07:35:11.660 INFO [main] org.apache.catalina.startup.VersionLoggerListener.log Command line argument: -Djava.util.logging.manager=org.apache.juli.ClassLoaderLogManager
20-Sep-2023 07:35:11.660 INFO [main] org.apache.catalina.startup.VersionLoggerListener.log Command line argument: -Djdk.tls.ephemeralDHKeySize=2048
20-Sep-2023 07:35:11.660 INFO [main] org.apache.catalina.startup.VersionLoggerListener.log Command line argument: -Djava.protocol.handler.pkgs=org.apache.catalina.webresources
20-Sep-2023 07:35:11.660 INFO [main] org.apache.catalina.startup.VersionLoggerListener.log Command line argument: -Dorg.apache.catalina.security.SecurityListener.UMASK=0027
20-Sep-2023 07:35:11.660 INFO [main] org.apache.catalina.startup.VersionLoggerListener.log Command line argument: -Dignore.endorsed.dirs=
20-Sep-2023 07:35:11.660 INFO [main] org.apache.catalina.startup.VersionLoggerListener.log Command line argument: -Dcatalina.base=/opt/apache-tomcat-9.0.80
20-Sep-2023 07:35:11.660 INFO [main] org.apache.catalina.startup.VersionLoggerListener.log Command line argument: -Dcatalina.home=/opt/apache-tomcat-9.0.80
20-Sep-2023 07:35:11.660 INFO [main] org.apache.catalina.startup.VersionLoggerListener.log Command line argument: -Djava.io.tmpdir=/opt/apache-tomcat-9.0.80/temp
20-Sep-2023 07:35:11.662 INFO [main] org.apache.catalina.core.AprLifecycleListener.lifecycleEvent The Apache Tomcat Native library which allows using OpenSSL was not found on the java.library.path: [/usr/java/packages/lib:/usr/lib/x86_64-linux-gnu/jni:/lib/x86_64-linux-gnu:/usr/lib/x86_64-linux-gnu:/usr/lib/jni:/lib:/usr/lib]
20-Sep-2023 07:35:12.367 INFO [main] org.apache.coyote.AbstractProtocol.init Initializing ProtocolHandler ["http-nio-8080"]
20-Sep-2023 07:35:12.428 INFO [main] org.apache.catalina.startup.Catalina.load Server initialization in [1210] milliseconds
20-Sep-2023 07:35:12.516 INFO [main] org.apache.catalina.core.StandardService.startInternal Starting service [Catalina]
20-Sep-2023 07:35:12.516 INFO [main] org.apache.catalina.core.StandardEngine.startInternal Starting Servlet engine: [Apache Tomcat/9.0.80]
20-Sep-2023 07:35:12.544 INFO [main] org.apache.catalina.startup.HostConfig.deployWAR Deploying web application archive [/opt/apache-tomcat-9.0.80/webapps/student.war]
20-Sep-2023 07:35:13.431 INFO [main] org.apache.jasper.servlet.TldScanner.scanJars At least one JAR was scanned for TLDs yet contained no TLDs. Enable debug logging for this logger for a complete list of JARs that were scanned but no TLDs were found in them. Skipping unneeded JARs during scanning can improve startup time and JSP compilation time.
20-Sep-2023 07:35:13.554 INFO [main] org.apache.catalina.startup.HostConfig.deployWAR Deployment of web application archive [/opt/apache-tomcat-9.0.80/webapps/student.war] has finished in [1,009] ms
20-Sep-2023 07:35:13.555 INFO [main] org.apache.catalina.startup.HostConfig.deployDirectory Deploying web application directory [/opt/apache-tomcat-9.0.80/webapps/examples]
20-Sep-2023 07:35:14.083 INFO [main] org.apache.jasper.servlet.TldScanner.scanJars At least one JAR was scanned for TLDs yet contained no TLDs. Enable debug logging for this logger for a complete list of JARs that were scanned but no TLDs were found in them. Skipping unneeded JARs during scanning can improve startup time and JSP compilation time.
20-Sep-2023 07:35:14.167 INFO [main] org.apache.catalina.startup.HostConfig.deployDirectory Deployment of web application directory [/opt/apache-tomcat-9.0.80/webapps/examples] has finished in [612] ms
20-Sep-2023 07:35:14.168 INFO [main] org.apache.catalina.startup.HostConfig.deployDirectory Deploying web application directory [/opt/apache-tomcat-9.0.80/webapps/host-manager]
20-Sep-2023 07:35:14.372 INFO [main] org.apache.jasper.servlet.TldScanner.scanJars At least one JAR was scanned for TLDs yet contained no TLDs. Enable debug logging for this logger for a complete list of JARs that were scanned but no TLDs were found in them. Skipping unneeded JARs during scanning can improve startup time and JSP compilation time.
20-Sep-2023 07:35:14.382 INFO [main] org.apache.catalina.startup.HostConfig.deployDirectory Deployment of web application directory [/opt/apache-tomcat-9.0.80/webapps/host-manager] has finished in [214] ms
20-Sep-2023 07:35:14.382 INFO [main] org.apache.catalina.startup.HostConfig.deployDirectory Deploying web application directory [/opt/apache-tomcat-9.0.80/webapps/ROOT]
20-Sep-2023 07:35:14.556 INFO [main] org.apache.jasper.servlet.TldScanner.scanJars At least one JAR was scanned for TLDs yet contained no TLDs. Enable debug logging for this logger for a complete list of JARs that were scanned but no TLDs were found in them. Skipping unneeded JARs during scanning can improve startup time and JSP compilation time.
20-Sep-2023 07:35:14.559 INFO [main] org.apache.catalina.startup.HostConfig.deployDirectory Deployment of web application directory [/opt/apache-tomcat-9.0.80/webapps/ROOT] has finished in [177] ms
20-Sep-2023 07:35:14.560 INFO [main] org.apache.catalina.startup.HostConfig.deployDirectory Deploying web application directory [/opt/apache-tomcat-9.0.80/webapps/docs]
20-Sep-2023 07:35:14.721 INFO [main] org.apache.jasper.servlet.TldScanner.scanJars At least one JAR was scanned for TLDs yet contained no TLDs. Enable debug logging for this logger for a complete list of JARs that were scanned but no TLDs were found in them. Skipping unneeded JARs during scanning can improve startup time and JSP compilation time.
20-Sep-2023 07:35:14.723 INFO [main] org.apache.catalina.startup.HostConfig.deployDirectory Deployment of web application directory [/opt/apache-tomcat-9.0.80/webapps/docs] has finished in [163] ms
20-Sep-2023 07:35:14.724 INFO [main] org.apache.catalina.startup.HostConfig.deployDirectory Deploying web application directory [/opt/apache-tomcat-9.0.80/webapps/manager]
20-Sep-2023 07:35:14.891 INFO [main] org.apache.jasper.servlet.TldScanner.scanJars At least one JAR was scanned for TLDs yet contained no TLDs. Enable debug logging for this logger for a complete list of JARs that were scanned but no TLDs were found in them. Skipping unneeded JARs during scanning can improve startup time and JSP compilation time.
20-Sep-2023 07:35:14.895 INFO [main] org.apache.catalina.startup.HostConfig.deployDirectory Deployment of web application directory [/opt/apache-tomcat-9.0.80/webapps/manager] has finished in [171] ms
20-Sep-2023 07:35:14.902 INFO [main] org.apache.coyote.AbstractProtocol.start Starting ProtocolHandler ["http-nio-8080"]
20-Sep-2023 07:35:14.937 INFO [main] org.apache.catalina.startup.Catalina.start Server startup in [2508] milliseconds
Wed Sep 20 07:35:18 UTC 2023 WARN: Establishing SSL connection without server's identity verification is not recommended. According to MySQL 5.5.45+, 5.6.26+ and 5.7.6+ requirements SSL connection must be established by default if explicit option isn't set. For compliance with existing applications not using SSL the verifyServerCertificate property is set to 'false'. You need either to explicitly disable SSL by setting useSSL=false, or set useSSL=true and provide truststore for server certificate verification.
Wed Sep 20 07:35:19 UTC 2023 WARN: Caught while disconnecting...

EXCEPTION STACK TRACE:



** BEGIN NESTED EXCEPTION ** 

javax.net.ssl.SSLException
MESSAGE: closing inbound before receiving peer's close_notify

STACKTRACE:

javax.net.ssl.SSLException: closing inbound before receiving peer's close_notify
	at java.base/sun.security.ssl.SSLSocketImpl.shutdownInput(SSLSocketImpl.java:847)
	at java.base/sun.security.ssl.SSLSocketImpl.shutdownInput(SSLSocketImpl.java:825)
	at com.mysql.jdbc.MysqlIO.quit(MysqlIO.java:2249)
	at com.mysql.jdbc.ConnectionImpl.realClose(ConnectionImpl.java:4232)
	at com.mysql.jdbc.ConnectionImpl.close(ConnectionImpl.java:1472)
	at org.apache.tomcat.dbcp.dbcp2.DelegatingConnection.closeInternal(DelegatingConnection.java:179)
	at org.apache.tomcat.dbcp.dbcp2.PoolableConnection.reallyClose(PoolableConnection.java:322)
	at org.apache.tomcat.dbcp.dbcp2.PoolableConnectionFactory.destroyObject(PoolableConnectionFactory.java:141)
	at org.apache.tomcat.dbcp.dbcp2.BasicDataSource.validateConnectionFactory(BasicDataSource.java:119)
	at org.apache.tomcat.dbcp.dbcp2.BasicDataSource.createPoolableConnectionFactory(BasicDataSource.java:628)
	at org.apache.tomcat.dbcp.dbcp2.BasicDataSource.createDataSource(BasicDataSource.java:534)
	at org.apache.tomcat.dbcp.dbcp2.BasicDataSource.getConnection(BasicDataSource.java:710)
	at com.srk.dao.StudentDAO.getConnection(StudentDAO.java:29)
	at com.srk.dao.StudentDAO.saveStudent(StudentDAO.java:38)
	at com.srk.servlet.RegistrationController.doPost(RegistrationController.java:42)
	at javax.servlet.http.HttpServlet.service(HttpServlet.java:555)
	at javax.servlet.http.HttpServlet.service(HttpServlet.java:623)
	at org.apache.catalina.core.ApplicationFilterChain.internalDoFilter(ApplicationFilterChain.java:209)
	at org.apache.catalina.core.ApplicationFilterChain.doFilter(ApplicationFilterChain.java:153)
	at org.apache.tomcat.websocket.server.WsFilter.doFilter(WsFilter.java:51)
	at org.apache.catalina.core.ApplicationFilterChain.internalDoFilter(ApplicationFilterChain.java:178)
	at org.apache.catalina.core.ApplicationFilterChain.doFilter(ApplicationFilterChain.java:153)
	at org.apache.catalina.core.StandardWrapperValve.invoke(StandardWrapperValve.java:168)
	at org.apache.catalina.core.StandardContextValve.invoke(StandardContextValve.java:90)
	at org.apache.catalina.authenticator.AuthenticatorBase.invoke(AuthenticatorBase.java:481)
	at org.apache.catalina.core.StandardHostValve.invoke(StandardHostValve.java:130)
	at org.apache.catalina.valves.ErrorReportValve.invoke(ErrorReportValve.java:93)
	at org.apache.catalina.valves.AbstractAccessLogValve.invoke(AbstractAccessLogValve.java:670)
	at org.apache.catalina.core.StandardEngineValve.invoke(StandardEngineValve.java:74)
	at org.apache.catalina.connector.CoyoteAdapter.service(CoyoteAdapter.java:343)
	at org.apache.coyote.http11.Http11Processor.service(Http11Processor.java:390)
	at org.apache.coyote.AbstractProcessorLight.process(AbstractProcessorLight.java:63)
	at org.apache.coyote.AbstractProtocol$ConnectionHandler.process(AbstractProtocol.java:926)
	at org.apache.tomcat.util.net.NioEndpoint$SocketProcessor.doRun(NioEndpoint.java:1790)
	at org.apache.tomcat.util.net.SocketProcessorBase.run(SocketProcessorBase.java:52)
	at org.apache.tomcat.util.threads.ThreadPoolExecutor.runWorker(ThreadPoolExecutor.java:1191)
	at org.apache.tomcat.util.threads.ThreadPoolExecutor$Worker.run(ThreadPoolExecutor.java:659)
	at org.apache.tomcat.util.threads.TaskThread$WrappingRunnable.run(TaskThread.java:61)
	at java.base/java.lang.Thread.run(Thread.java:833)


** END NESTED EXCEPTION **


Wed Sep 20 07:35:19 UTC 2023 WARN: Establishing SSL connection without server's identity verification is not recommended. According to MySQL 5.5.45+, 5.6.26+ and 5.7.6+ requirements SSL connection must be established by default if explicit option isn't set. For compliance with existing applications not using SSL the verifyServerCertificate property is set to 'false'. You need either to explicitly disable SSL by setting useSSL=false, or set useSSL=true and provide truststore for server certificate verification.
